#
# A fatal error has been detected by the Java Runtime Environment:
#
#  EXCEPTION_ACCESS_VIOLATION (0xc0000005) at pc=0x0000020eaea71066, pid=6276, tid=0x0000000000002104
#
# JRE version: Java(TM) SE Runtime Environment (8.0_331-b09) (build 1.8.0_331-b09)
# Java VM: Java HotSpot(TM) 64-Bit Server VM (25.331-b09 mixed mode windows-amd64 compressed oops)
# Problematic frame:
# C  [OpenAL64.dll+0x11066]
#
# Failed to write core dump. Minidumps are not enabled by default on client versions of Windows
#
# If you would like to submit a bug report, please visit:
#   http://bugreport.java.com/bugreport/crash.jsp
# The crash happened outside the Java Virtual Machine in native code.
# See problematic frame for where to report the bug.
#

---------------  T H R E A D  ---------------

Current thread (0x0000020ea46c2000):  JavaThread "Thread-5" [_thread_in_native, id=8452, stack(0x0000008f2c500000,0x0000008f2c600000)]

siginfo: ExceptionCode=0xc0000005, reading address 0x0000020ea99c7004

Registers:
RAX=0x0000000000000004, RBX=0x0000020eb45c0090, RCX=0x0000020ea99c7008, RDX=0x0000020ea99c7004
RSP=0x0000008f2c5fea60, RBP=0x00000000000000ff, RSI=0x0000020ea99c6fec, RDI=0x0000000000000000
R8 =0x0000000000000006, R9 =0x0000020ea99c6fec, R10=0x0000020e8b0a9be2, R11=0x00000000583ea940
R12=0x0000000000000001, R13=0x0000020eafbddfe8, R14=0x0000008f2c5febf8, R15=0x0000020ea46c2000
RIP=0x0000020eaea71066, EFLAGS=0x0000000000010202

Top of Stack: (sp=0x0000008f2c5fea60)
0x0000008f2c5fea60:   fffffffe00000000 0000020ea46c2000
0x0000008f2c5fea70:   0000020eafbddfe8 0000000000000000
0x0000008f2c5fea80:   0000020eafbddfe8 0000000000000000
0x0000008f2c5fea90:   0000020ea46c2000 0000008f2c5febf8
0x0000008f2c5feaa0:   0000008f2c5febc0 000000005828357b
0x0000008f2c5feab0:   0000008f2c5feae0 0000000000000013
0x0000008f2c5feac0:   0000020ea93e3080 0000020ea3cb0c00
0x0000008f2c5fead0:   0000020ea46c2000 0000008f2c5febf8
0x0000008f2c5feae0:   0000020eafbddfe8 0000000000000000
0x0000008f2c5feaf0:   0000020ea99c6fec 000000008001dc68
0x0000008f2c5feb00:   0000008f2c5febc0 0000020eaea7248f
0x0000008f2c5feb10:   0000020eb45c0090 0000020eb45c0090
0x0000008f2c5feb20:   0000020e0000ac44 0000020e00000004
0x0000008f2c5feb30:   0000000000000010 0000020e8b0a9c0e
0x0000008f2c5feb40:   0000020eafbddfe8 0000020e8b0a9905
0x0000008f2c5feb50:   0000020eafbddfe8 0000008f2c5febc0 

Instructions: (pc=0x0000020eaea71066)
0x0000020eaea71046:   41 2b ec 81 3a 03 00 02 00 75 09 8b 01 89 84 24
0x0000020eaea71056:   c8 00 00 00 49 83 c0 02 48 83 c1 08 4a 8d 14 86
0x0000020eaea71066:   39 3a 75 af 4c 8d 84 24 c0 00 00 00 48 8d 15 d7
0x0000020eaea71076:   2b 03 00 33 c9 e8 58 5f 00 00 b8 40 1f 00 00 4c 


Register to memory mapping:

RAX=0x0000000000000004 is an unknown value
RBX=0x0000020eb45c0090 is an unknown value
RCX=0x0000020ea99c7008 is an unknown value
RDX=0x0000020ea99c7004 is an unknown value
RSP=0x0000008f2c5fea60 is pointing into the stack for thread: 0x0000020ea46c2000
RBP=0x00000000000000ff is an unknown value
RSI=0x0000020ea99c6fec is an unknown value
RDI=0x0000000000000000 is an unknown value
R8 =0x0000000000000006 is an unknown value
R9 =0x0000020ea99c6fec is an unknown value
R10=0x0000020e8b0a9be2 is at code_begin+962 in an Interpreter codelet
method entry point (kind = native)  [0x0000020e8b0a9820, 0x0000020e8b0aa340]  2848 bytes
R11=0x00000000583ea940 is an unknown value
R12=0x0000000000000001 is an unknown value
R13={method} {0x0000020eafbddff0} 'nalcCreateContext' '(JJ)J' in 'org/lwjgl/openal/ALC10'
R14=0x0000008f2c5febf8 is pointing into the stack for thread: 0x0000020ea46c2000
R15=0x0000020ea46c2000 is a thread


Stack: [0x0000008f2c500000,0x0000008f2c600000],  sp=0x0000008f2c5fea60,  free space=1018k
Native frames: (J=compiled Java code, j=interpreted, Vv=VM code, C=native code)
C  [OpenAL64.dll+0x11066]
C  [OpenAL64.dll+0x1248f]
C  0x0000020e8b0a9c0e

Java frames: (J=compiled Java code, j=interpreted, Vv=VM code)
j  org.lwjgl.openal.ALC10.nalcCreateContext(JJ)J+0
j  org.lwjgl.openal.ALC10.alcCreateContext(Lorg/lwjgl/openal/ALCdevice;Ljava/nio/IntBuffer;)Lorg/lwjgl/openal/ALCcontext;+8
j  org.lwjgl.openal.AL.init(Ljava/lang/String;IIZZ)V+69
j  org.lwjgl.openal.AL.create(Ljava/lang/String;IIZZ)V+227
j  org.lwjgl.openal.AL.create(Ljava/lang/String;IIZ)V+5
j  org.lwjgl.openal.AL.create()V+6
j  paulscode.sound.libraries.LibraryLWJGLOpenAL.init()V+2
j  paulscode.sound.SoundSystem.CommandNewLibrary(Ljava/lang/Class;)V+260
j  paulscode.sound.SoundSystem.CommandQueue(Lpaulscode/sound/CommandObject;)Z+1206
j  paulscode.sound.CommandThread.run()V+51
v  ~StubRoutines::call_stub

---------------  P R O C E S S  ---------------

Java Threads: ( => current thread )
  0x0000020ea46c3000 JavaThread "Thread-6" [_thread_blocked, id=5988, stack(0x0000008f2c600000,0x0000008f2c700000)]
=>0x0000020ea46c2000 JavaThread "Thread-5" [_thread_in_native, id=8452, stack(0x0000008f2c500000,0x0000008f2c600000)]
  0x0000020ea46c1800 JavaThread "Sound Library Loader" [_thread_blocked, id=7816, stack(0x0000008f2c400000,0x0000008f2c500000)]
  0x0000020ea46c0800 JavaThread "Java2D Disposer" daemon [_thread_blocked, id=6328, stack(0x0000008f2c300000,0x0000008f2c400000)]
  0x0000020ea4840800 JavaThread "Timer hack thread" daemon [_thread_blocked, id=11564, stack(0x0000008f2c100000,0x0000008f2c200000)]
  0x0000020ea466c800 JavaThread "Snooper Timer" daemon [_thread_blocked, id=5264, stack(0x0000008f2c000000,0x0000008f2c100000)]
  0x0000020ea39ab000 JavaThread "Service Thread" daemon [_thread_blocked, id=5648, stack(0x0000008f2be00000,0x0000008f2bf00000)]
  0x0000020ea392f000 JavaThread "C1 CompilerThread3" daemon [_thread_in_native, id=11108, stack(0x0000008f2bd00000,0x0000008f2be00000)]
  0x0000020ea3921800 JavaThread "C2 CompilerThread2" daemon [_thread_in_native, id=9312, stack(0x0000008f2bc00000,0x0000008f2bd00000)]
  0x0000020ea3921000 JavaThread "C2 CompilerThread1" daemon [_thread_in_native, id=9232, stack(0x0000008f2bb00000,0x0000008f2bc00000)]
  0x0000020ea3920000 JavaThread "C2 CompilerThread0" daemon [_thread_in_native, id=7756, stack(0x0000008f2ba00000,0x0000008f2bb00000)]
  0x0000020ea391b000 JavaThread "Attach Listener" daemon [_thread_blocked, id=12032, stack(0x0000008f2b900000,0x0000008f2ba00000)]
  0x0000020ea391a000 JavaThread "Signal Dispatcher" daemon [_thread_blocked, id=6528, stack(0x0000008f2b800000,0x0000008f2b900000)]
  0x0000020ea3919800 JavaThread "Surrogate Locker Thread (Concurrent GC)" daemon [_thread_blocked, id=6500, stack(0x0000008f2b700000,0x0000008f2b800000)]
  0x0000020e9ffeb000 JavaThread "Finalizer" daemon [_thread_in_Java, id=3028, stack(0x0000008f2b600000,0x0000008f2b700000)]
  0x0000020ea38b8800 JavaThread "Reference Handler" daemon [_thread_blocked, id=2756, stack(0x0000008f2b500000,0x0000008f2b600000)]
  0x0000020e895fd800 JavaThread "Client thread" [_thread_in_Java, id=3600, stack(0x0000008f29a00000,0x0000008f29b00000)]

Other Threads:
  0x0000020e9ffe3000 VMThread [stack: 0x0000008f2b400000,0x0000008f2b500000] [id=4924]
  0x0000020ea39d2800 WatcherThread [stack: 0x0000008f2bf00000,0x0000008f2c000000] [id=11876]

VM state:not at safepoint (normal execution)

VM Mutex/Monitor currently owned by a thread: None

heap address: 0x0000000080000000, size: 2048 MB, Compressed Oops mode: 32-bit
Narrow klass base: 0x0000000000000000, Narrow klass shift: 3
Compressed class space size: 1073741824 Address: 0x0000000100000000

Heap:
 garbage-first heap   total 262144K, used 36964K [0x0000000080000000, 0x0000000082000040, 0x0000000100000000)
  region size 32768K, 2 young (65536K), 1 survivors (32768K)
 Metaspace       used 21727K, capacity 21941K, committed 22400K, reserved 1069056K
  class space    used 2778K, capacity 2821K, committed 2944K, reserved 1048576K

Heap Regions: (E=young(eden), S=young(survivor), O=old, HS=humongous(starts), HC=humongous(continues), CS=collection set, F=free, TS=gc time stamp, PTAMS=previous top-at-mark-start, NTAMS=next top-at-mark-start)
AC   0  O    TS     1 PTAMS 0x000000008122e200 NTAMS 0x000000008122e200 space 32768K,  56% used [0x0000000080000000, 0x0000000082000000)
AC   0  F    TS     0 PTAMS 0x0000000082000000 NTAMS 0x0000000082000000 space 32768K,   0% used [0x0000000082000000, 0x0000000084000000)
AC   0  F    TS     0 PTAMS 0x0000000084000000 NTAMS 0x0000000084000000 space 32768K,   0% used [0x0000000084000000, 0x0000000086000000)
AC   0  F    TS     0 PTAMS 0x0000000086000000 NTAMS 0x0000000086000000 space 32768K,   0% used [0x0000000086000000, 0x0000000088000000)
AC   0  F    TS     0 PTAMS 0x0000000088000000 NTAMS 0x0000000088000000 space 32768K,   0% used [0x0000000088000000, 0x000000008a000000)
AC   0  F    TS     0 PTAMS 0x000000008a000000 NTAMS 0x000000008a000000 space 32768K,   0% used [0x000000008a000000, 0x000000008c000000)
AC   0  S CS TS     1 PTAMS 0x000000008c000000 NTAMS 0x000000008c000000 space 32768K,  55% used [0x000000008c000000, 0x000000008e000000)
AC   0  E    TS     0 PTAMS 0x000000008e000000 NTAMS 0x000000008e000000 space 32768K,   2% used [0x000000008e000000, 0x0000000090000000)

Card table byte_map: [0x0000020e9b6f0000,0x0000020e9baf0000] byte_map_base: 0x0000020e9b2f0000

Marking Bits (Prev, Next): (CMBitMap*) 0x0000020e8965fd90, (CMBitMap*) 0x0000020e8965fd38
 Prev Bits: [0x0000020e9def0000, 0x0000020e9fef0000)
 Next Bits: [0x0000020e9bef0000, 0x0000020e9def0000)

Polling page: 0x0000020e898b0000

CodeCache: size=245760Kb used=7041Kb max_used=7051Kb free=238718Kb
 bounds [0x0000020e8b090000, 0x0000020e8b780000, 0x0000020e9a090000]
 total_blobs=2693 nmethods=2069 adapters=537
 compilation: enabled

Compilation events (10 events):
Event: 2.154 Thread 0x0000020ea392f000 nmethod 1994 0x0000020e8b71e390 code [0x0000020e8b71e6c0, 0x0000020e8b71faa0]
Event: 2.154 Thread 0x0000020ea392f000 1997       3       javax.imageio.stream.ImageInputStreamImpl::skipBytes (21 bytes)
Event: 2.154 Thread 0x0000020ea392f000 nmethod 1997 0x0000020e8b710b10 code [0x0000020e8b710cc0, 0x0000020e8b711470]
Event: 2.154 Thread 0x0000020ea392f000 1990       3       java.util.regex.Matcher::find (35 bytes)
Event: 2.154 Thread 0x0000020ea392f000 nmethod 1990 0x0000020e8b71da50 code [0x0000020e8b71dc00, 0x0000020e8b71e1c0]
Event: 2.154 Thread 0x0000020ea392f000 1995   !   3       java.util.Formatter$FormatSpecifier::index (53 bytes)
Event: 2.155 Thread 0x0000020ea392f000 nmethod 1995 0x0000020e8b713490 code [0x0000020e8b713620, 0x0000020e8b713aa0]
Event: 2.155 Thread 0x0000020ea392f000 1996       3       java.util.Formatter$FormatSpecifier::flags (31 bytes)
Event: 2.155 Thread 0x0000020ea392f000 nmethod 1996 0x0000020e8b712e50 code [0x0000020e8b712fe0, 0x0000020e8b713330]
Event: 2.155 Thread 0x0000020ea392f000 2000   !   3       java.net.URL::getURLStreamHandler (313 bytes)

GC Heap History (8 events):
Event: 0.406 GC heap before
{Heap before GC invocations=0 (full 0):
 garbage-first heap   total 262144K, used 32768K [0x0000000080000000, 0x0000000082000040, 0x0000000100000000)
  region size 32768K, 1 young (32768K), 0 survivors (0K)
 Metaspace       used 9262K, capacity 9390K, committed 9600K, reserved 1058816K
  class space    used 1100K, capacity 1143K, committed 1152K, reserved 1048576K
Event: 0.411 GC heap after
Heap after GC invocations=1 (full 0):
 garbage-first heap   total 262144K, used 9090K [0x0000000080000000, 0x0000000082000040, 0x0000000100000000)
  region size 32768K, 1 young (32768K), 1 survivors (32768K)
 Metaspace       used 9262K, capacity 9390K, committed 9600K, reserved 1058816K
  class space    used 1100K, capacity 1143K, committed 1152K, reserved 1048576K
}
Event: 0.786 GC heap before
{Heap before GC invocations=1 (full 0):
 garbage-first heap   total 262144K, used 41858K [0x0000000080000000, 0x0000000082000040, 0x0000000100000000)
  region size 32768K, 2 young (65536K), 1 survivors (32768K)
 Metaspace       used 15717K, capacity 15920K, committed 16256K, reserved 1062912K
  class space    used 1998K, capacity 2082K, committed 2176K, reserved 1048576K
Event: 0.794 GC heap after
Heap after GC invocations=2 (full 0):
 garbage-first heap   total 262144K, used 22105K [0x0000000080000000, 0x0000000082000040, 0x0000000100000000)
  region size 32768K, 1 young (32768K), 1 survivors (32768K)
 Metaspace       used 15717K, capacity 15920K, committed 16256K, reserved 1062912K
  class space    used 1998K, capacity 2082K, committed 2176K, reserved 1048576K
}
Event: 1.923 GC heap before
{Heap before GC invocations=2 (full 0):
 garbage-first heap   total 262144K, used 54873K [0x0000000080000000, 0x0000000082000040, 0x0000000100000000)
  region size 32768K, 2 young (65536K), 1 survivors (32768K)
 Metaspace       used 20547K, capacity 20725K, committed 20992K, reserved 1067008K
  class space    used 2634K, capacity 2693K, committed 2816K, reserved 1048576K
Event: 1.934 GC heap after
Heap after GC invocations=3 (full 0):
 garbage-first heap   total 262144K, used 36411K [0x0000000080000000, 0x0000000082000040, 0x0000000100000000)
  region size 32768K, 1 young (32768K), 1 survivors (32768K)
 Metaspace       used 20547K, capacity 20725K, committed 20992K, reserved 1067008K
  class space    used 2634K, capacity 2693K, committed 2816K, reserved 1048576K
}
Event: 2.050 GC heap before
{Heap before GC invocations=3 (full 0):
 garbage-first heap   total 262144K, used 69179K [0x0000000080000000, 0x0000000082000040, 0x0000000100000000)
  region size 32768K, 2 young (65536K), 1 survivors (32768K)
 Metaspace       used 20823K, capacity 21013K, committed 21248K, reserved 1067008K
  class space    used 2667K, capacity 2725K, committed 2816K, reserved 1048576K
Event: 2.056 GC heap after
Heap after GC invocations=4 (full 0):
 garbage-first heap   total 262144K, used 33333K [0x0000000080000000, 0x0000000082000040, 0x0000000100000000)
  region size 32768K, 1 young (32768K), 1 survivors (32768K)
 Metaspace       used 20823K, capacity 21013K, committed 21248K, reserved 1067008K
  class space    used 2667K, capacity 2725K, committed 2816K, reserved 1048576K
}

Deoptimization events (10 events):
Event: 1.878 Thread 0x0000020e895fd800 Uncommon trap: reason=unstable_if action=reinterpret pc=0x0000020e8b544cf4 method=java.io.BufferedReader.readLine(Z)Ljava/lang/String; @ 153
Event: 1.880 Thread 0x0000020e895fd800 Uncommon trap: reason=unstable_if action=reinterpret pc=0x0000020e8b41c764 method=com.google.gson.stream.JsonReader.nextNonWhitespace(Z)I @ 61
Event: 1.880 Thread 0x0000020e895fd800 Uncommon trap: reason=unstable_if action=reinterpret pc=0x0000020e8b445dc0 method=com.google.gson.stream.JsonReader.nextQuotedValue(C)Ljava/lang/String; @ 81
Event: 1.916 Thread 0x0000020e895fd800 Uncommon trap: reason=unstable_if action=reinterpret pc=0x0000020e8b5148f8 method=java.util.regex.Pattern$BmpCharProperty.match(Ljava/util/regex/Matcher;ILjava/lang/CharSequence;)Z @ 5
Event: 2.011 Thread 0x0000020e895fd800 Uncommon trap: reason=unstable_if action=reinterpret pc=0x0000020e8b6312f4 method=sun.misc.URLClassPath.findResource(Ljava/lang/String;Z)Ljava/net/URL; @ 33
Event: 2.100 Thread 0x0000020e895fd800 Uncommon trap: reason=unstable_if action=reinterpret pc=0x0000020e8b650678 method=sun.awt.image.ByteInterleavedRaster.putByteData(IIII[B)V @ 395
Event: 2.100 Thread 0x0000020e895fd800 Uncommon trap: reason=unstable_if action=reinterpret pc=0x0000020e8b60e570 method=java.awt.image.ComponentColorModel.getRGB(Ljava/lang/Object;)I @ 4
Event: 2.100 Thread 0x0000020e895fd800 Uncommon trap: reason=unstable_if action=reinterpret pc=0x0000020e8b609c94 method=java.awt.image.ComponentColorModel.getAlpha(Ljava/lang/Object;)I @ 4
Event: 2.100 Thread 0x0000020e895fd800 Uncommon trap: reason=unstable_if action=reinterpret pc=0x0000020e8b60a868 method=java.awt.image.ComponentColorModel.extractComponent(Ljava/lang/Object;II)I @ 4
Event: 2.134 Thread 0x0000020e895fd800 Uncommon trap: reason=unstable_if action=reinterpret pc=0x0000020e8b612ab0 method=com.google.gson.stream.JsonReader.nextNonWhitespace(Z)I @ 93

Classes redefined (0 events):
No events

Internal exceptions (10 events):
Event: 2.121 Thread 0x0000020ea46c2000 Exception <a 'java/lang/InterruptedException': sleep interrupted> (0x000000008ebd57d0) thrown at [C:\jenkins\workspace\8-2-build-windows-amd64-cygwin\jdk8u331\2416\hotspot\src\share\vm\prims\jvm.cpp, line 3369]
Event: 2.125 Thread 0x0000020ea46c2000 Exception <a 'java/security/PrivilegedActionException'> (0x000000008ed6b1d8) thrown at [C:\jenkins\workspace\8-2-build-windows-amd64-cygwin\jdk8u331\2416\hotspot\src\share\vm\prims\jvm.cpp, line 1523]
Event: 2.126 Thread 0x0000020ea46c2000 Exception <a 'java/security/PrivilegedActionException'> (0x000000008ed6cce8) thrown at [C:\jenkins\workspace\8-2-build-windows-amd64-cygwin\jdk8u331\2416\hotspot\src\share\vm\prims\jvm.cpp, line 1523]
Event: 2.126 Thread 0x0000020ea46c2000 Exception <a 'java/security/PrivilegedActionException'> (0x000000008ed6de08) thrown at [C:\jenkins\workspace\8-2-build-windows-amd64-cygwin\jdk8u331\2416\hotspot\src\share\vm\prims\jvm.cpp, line 1523]
Event: 2.126 Thread 0x0000020ea46c2000 Exception <a 'java/security/PrivilegedActionException'> (0x000000008ed72f28) thrown at [C:\jenkins\workspace\8-2-build-windows-amd64-cygwin\jdk8u331\2416\hotspot\src\share\vm\prims\jvm.cpp, line 1523]
Event: 2.126 Thread 0x0000020ea46c2000 Exception <a 'java/security/PrivilegedActionException'> (0x000000008ed73b80) thrown at [C:\jenkins\workspace\8-2-build-windows-amd64-cygwin\jdk8u331\2416\hotspot\src\share\vm\prims\jvm.cpp, line 1523]
Event: 2.126 Thread 0x0000020ea46c2000 Exception <a 'java/security/PrivilegedActionException'> (0x000000008ed747a8) thrown at [C:\jenkins\workspace\8-2-build-windows-amd64-cygwin\jdk8u331\2416\hotspot\src\share\vm\prims\jvm.cpp, line 1523]
Event: 2.126 Thread 0x0000020ea46c2000 Exception <a 'java/security/PrivilegedActionException'> (0x000000008ed75bb8) thrown at [C:\jenkins\workspace\8-2-build-windows-amd64-cygwin\jdk8u331\2416\hotspot\src\share\vm\prims\jvm.cpp, line 1523]
Event: 2.126 Thread 0x0000020ea46c2000 Exception <a 'java/security/PrivilegedActionException'> (0x000000008ed76810) thrown at [C:\jenkins\workspace\8-2-build-windows-amd64-cygwin\jdk8u331\2416\hotspot\src\share\vm\prims\jvm.cpp, line 1523]
Event: 2.126 Thread 0x0000020ea46c2000 Exception <a 'java/security/PrivilegedActionException'> (0x000000008ed77438) thrown at [C:\jenkins\workspace\8-2-build-windows-amd64-cygwin\jdk8u331\2416\hotspot\src\share\vm\prims\jvm.cpp, line 1523]

Events (10 events):
Event: 2.148 loading class org/lwjgl/openal/ALC10
Event: 2.148 loading class org/lwjgl/openal/ALC10 done
Event: 2.154 loading class org/lwjgl/openal/ALCdevice
Event: 2.154 loading class org/lwjgl/openal/ALCdevice done
Event: 2.155 loading class org/lwjgl/openal/ALCcontext
Event: 2.155 loading class org/lwjgl/openal/ALCcontext done
Event: 2.155 loading class org/lwjgl/openal/Util
Event: 2.155 loading class org/lwjgl/openal/Util done
Event: 2.155 loading class org/lwjgl/openal/OpenALException
Event: 2.155 loading class org/lwjgl/openal/OpenALException done


Dynamic libraries:
0x00007ff762a00000 - 0x00007ff762a47000 	C:\Program Files\Java\Oracle\JRE 1.8\bin\java.exe
0x00007ff9580f0000 - 0x00007ff9582e8000 	C:\WINDOWS\SYSTEM32\ntdll.dll
0x00007ff9562f0000 - 0x00007ff9563ad000 	C:\WINDOWS\System32\KERNEL32.DLL
0x00007ff955c10000 - 0x00007ff955ee2000 	C:\WINDOWS\System32\KERNELBASE.dll
0x00007ff957930000 - 0x00007ff9579de000 	C:\WINDOWS\System32\ADVAPI32.dll
0x00007ff956e50000 - 0x00007ff956eee000 	C:\WINDOWS\System32\msvcrt.dll
0x00007ff957730000 - 0x00007ff9577cc000 	C:\WINDOWS\System32\sechost.dll
0x00007ff957370000 - 0x00007ff957495000 	C:\WINDOWS\System32\RPCRT4.dll
0x00007ff956150000 - 0x00007ff9562ed000 	C:\WINDOWS\System32\USER32.dll
0x00007ff955950000 - 0x00007ff955972000 	C:\WINDOWS\System32\win32u.dll
0x00007ff956d70000 - 0x00007ff956d9b000 	C:\WINDOWS\System32\GDI32.dll
0x00007ff955fa0000 - 0x00007ff9560af000 	C:\WINDOWS\System32\gdi32full.dll
0x00007ff9560b0000 - 0x00007ff95614d000 	C:\WINDOWS\System32\msvcp_win.dll
0x00007ff955850000 - 0x00007ff955950000 	C:\WINDOWS\System32\ucrtbase.dll
0x00007ff940160000 - 0x00007ff9403fa000 	C:\WINDOWS\WinSxS\amd64_microsoft.windows.common-controls_6595b64144ccf1df_6.0.19041.1110_none_60b5254171f9507e\COMCTL32.dll
0x00007ff9572e0000 - 0x00007ff957310000 	C:\WINDOWS\System32\IMM32.DLL
0x00007ff9422b0000 - 0x00007ff9422c5000 	C:\Program Files\Java\Oracle\JRE 1.8\bin\vcruntime140.dll
0x00007ff927a00000 - 0x00007ff927a9b000 	C:\Program Files\Java\Oracle\JRE 1.8\bin\msvcp140.dll
0x00000000581c0000 - 0x0000000058a21000 	C:\Program Files\Java\Oracle\JRE 1.8\bin\server\jvm.dll
0x00007ff957f60000 - 0x00007ff957f68000 	C:\WINDOWS\System32\PSAPI.DLL
0x00007ff94d9b0000 - 0x00007ff94d9b9000 	C:\WINDOWS\SYSTEM32\WSOCK32.dll
0x00007ff94efc0000 - 0x00007ff94efca000 	C:\WINDOWS\SYSTEM32\VERSION.dll
0x00007ff94cac0000 - 0x00007ff94cae7000 	C:\WINDOWS\SYSTEM32\WINMM.dll
0x00007ff957830000 - 0x00007ff95789b000 	C:\WINDOWS\System32\WS2_32.dll
0x00007ff9536e0000 - 0x00007ff9536f2000 	C:\WINDOWS\SYSTEM32\kernel.appcore.dll
0x00007ff945040000 - 0x00007ff945050000 	C:\Program Files\Java\Oracle\JRE 1.8\bin\verify.dll
0x00007ff942280000 - 0x00007ff9422ab000 	C:\Program Files\Java\Oracle\JRE 1.8\bin\java.dll
0x00007ff93f950000 - 0x00007ff93f968000 	C:\Program Files\Java\Oracle\JRE 1.8\bin\zip.dll
0x00007ff956410000 - 0x00007ff956b53000 	C:\WINDOWS\System32\SHELL32.dll
0x00007ff9538e0000 - 0x00007ff954071000 	C:\WINDOWS\SYSTEM32\windows.storage.dll
0x00007ff956f80000 - 0x00007ff9572d4000 	C:\WINDOWS\System32\combase.dll
0x00007ff955260000 - 0x00007ff955290000 	C:\WINDOWS\SYSTEM32\Wldp.dll
0x00007ff956da0000 - 0x00007ff956e4d000 	C:\WINDOWS\System32\SHCORE.dll
0x00007ff9577d0000 - 0x00007ff957825000 	C:\WINDOWS\System32\shlwapi.dll
0x00007ff955740000 - 0x00007ff95575f000 	C:\WINDOWS\SYSTEM32\profapi.dll
0x00007ff941dd0000 - 0x00007ff941ddd000 	C:\Program Files\Java\Oracle\JRE 1.8\bin\management.dll
0x00007ff9364d0000 - 0x00007ff9364ec000 	C:\Program Files\Java\Oracle\JRE 1.8\bin\net.dll
0x00007ff954f50000 - 0x00007ff954fba000 	C:\WINDOWS\system32\mswsock.dll
0x00007ff935c90000 - 0x00007ff935ca3000 	C:\Program Files\Java\Oracle\JRE 1.8\bin\nio.dll
0x00007ff92c140000 - 0x00007ff92c157000 	C:\WINDOWS\system32\napinsp.dll
0x00007ff92c120000 - 0x00007ff92c13b000 	C:\WINDOWS\system32\pnrpnsp.dll
0x00007ff950ed0000 - 0x00007ff950ee5000 	C:\WINDOWS\system32\wshbth.dll
0x00007ff951300000 - 0x00007ff95131d000 	C:\WINDOWS\system32\NLAapi.dll
0x00007ff954bd0000 - 0x00007ff954c0b000 	C:\WINDOWS\SYSTEM32\IPHLPAPI.DLL
0x00007ff954c10000 - 0x00007ff954cda000 	C:\WINDOWS\SYSTEM32\DNSAPI.dll
0x00007ff956f70000 - 0x00007ff956f78000 	C:\WINDOWS\System32\NSI.dll
0x00007ff92c100000 - 0x00007ff92c112000 	C:\WINDOWS\System32\winrnr.dll
0x00007ff947710000 - 0x00007ff947790000 	C:\WINDOWS\System32\fwpuclnt.dll
0x00007ff955a10000 - 0x00007ff955a37000 	C:\WINDOWS\System32\bcrypt.dll
0x00007ff946fa0000 - 0x00007ff946faa000 	C:\Windows\System32\rasadhlp.dll
0x0000000180000000 - 0x0000000180051000 	D:\Moi\Documents\GitHub\LauncherFX\data\versions\1.7.10\natives\lwjgl64.dll
0x00007ff91b940000 - 0x00007ff91ba67000 	C:\WINDOWS\SYSTEM32\OPENGL32.dll
0x00007ff91ad70000 - 0x00007ff91ad9c000 	C:\WINDOWS\SYSTEM32\GLU32.dll
0x00007ff955140000 - 0x00007ff955158000 	C:\WINDOWS\SYSTEM32\CRYPTSP.dll
0x00007ff954800000 - 0x00007ff954834000 	C:\WINDOWS\system32\rsaenh.dll
0x00007ff9556c0000 - 0x00007ff9556ee000 	C:\WINDOWS\SYSTEM32\USERENV.dll
0x00007ff955980000 - 0x00007ff955a02000 	C:\WINDOWS\System32\bcryptprimitives.dll
0x00007ff955160000 - 0x00007ff95516c000 	C:\WINDOWS\SYSTEM32\CRYPTBASE.dll
0x00007ff94f3b0000 - 0x00007ff94f3c7000 	C:\WINDOWS\SYSTEM32\dhcpcsvc6.DLL
0x00007ff94f6a0000 - 0x00007ff94f6bd000 	C:\WINDOWS\SYSTEM32\dhcpcsvc.DLL
0x00007ff926950000 - 0x00007ff926ae5000 	C:\Program Files\Java\Oracle\JRE 1.8\bin\awt.dll
0x00007ff957650000 - 0x00007ff95771d000 	C:\WINDOWS\System32\OLEAUT32.dll
0x00007ff9530f0000 - 0x00007ff953181000 	C:\WINDOWS\SYSTEM32\apphelp.dll
0x00007ff94eb90000 - 0x00007ff94ec3e000 	C:\WINDOWS\SYSTEM32\mscms.dll
0x00007ff94ea50000 - 0x00007ff94ea61000 	C:\WINDOWS\SYSTEM32\ColorAdapterClient.dll
0x00007ff9579e0000 - 0x00007ff957a8f000 	C:\WINDOWS\System32\clbcatq.dll
0x00007ff930af0000 - 0x00007ff930b33000 	C:\Windows\System32\Windows.Internal.Graphics.Display.DisplayColorManagement.dll
0x00007ff955800000 - 0x00007ff95584e000 	C:\WINDOWS\System32\cfgmgr32.dll
0x00007ff953200000 - 0x00007ff95329e000 	C:\WINDOWS\system32\uxtheme.dll
0x00007ff957f90000 - 0x00007ff9580a5000 	C:\WINDOWS\System32\MSCTF.dll
0x00007ff94fa50000 - 0x00007ff94fb47000 	C:\Windows\System32\AppXDeploymentClient.dll
0x00007ff91a6c0000 - 0x00007ff91a6ed000 	C:\WINDOWS\System32\DriverStore\FileRepository\u0379219.inf_amd64_3649648678001de4\B378972\atig6pxx.dll
0x00007ff917840000 - 0x00007ff91a6bf000 	C:\WINDOWS\System32\DriverStore\FileRepository\u0379219.inf_amd64_3649648678001de4\B378972\atio6axx.dll
0x00007ff957a90000 - 0x00007ff957eff000 	C:\WINDOWS\System32\SETUPAPI.dll
0x00007ff956c40000 - 0x00007ff956d6a000 	C:\WINDOWS\System32\ole32.dll
0x00007ff9433e0000 - 0x00007ff943404000 	C:\WINDOWS\SYSTEM32\dxva2.dll
0x00007ff953500000 - 0x00007ff95352f000 	C:\WINDOWS\SYSTEM32\dwmapi.dll
0x00007ff917800000 - 0x00007ff91783f000 	C:\WINDOWS\System32\DriverStore\FileRepository\u0379219.inf_amd64_3649648678001de4\B378972\atig6txx.dll
0x00007ff91aab0000 - 0x00007ff91ac84000 	C:\WINDOWS\SYSTEM32\atiadlxx.dll
0x00007ff942330000 - 0x00007ff942379000 	C:\WINDOWS\SYSTEM32\pdh.dll
0x00007ff951200000 - 0x00007ff9512f6000 	C:\WINDOWS\SYSTEM32\PROPSYS.dll
0x00007ff9555b0000 - 0x00007ff9555dc000 	C:\WINDOWS\SYSTEM32\DEVOBJ.dll
0x00007ff955a40000 - 0x00007ff955aa9000 	C:\WINDOWS\System32\WINTRUST.dll
0x00007ff955ab0000 - 0x00007ff955c06000 	C:\WINDOWS\System32\CRYPT32.dll
0x00007ff9553f0000 - 0x00007ff955402000 	C:\WINDOWS\SYSTEM32\MSASN1.dll
0x00007ff94e700000 - 0x00007ff94e73b000 	C:\WINDOWS\SYSTEM32\dxcore.dll
0x00007ff94ce90000 - 0x00007ff94cf89000 	C:\WINDOWS\SYSTEM32\textinputframework.dll
0x00007ff952d10000 - 0x00007ff952e02000 	C:\WINDOWS\System32\CoreMessaging.dll
0x00007ff9529b0000 - 0x00007ff952d0e000 	C:\WINDOWS\System32\CoreUIComponents.dll
0x00007ff954920000 - 0x00007ff954953000 	C:\WINDOWS\SYSTEM32\ntmarta.dll
0x00007ff9522d0000 - 0x00007ff952424000 	C:\WINDOWS\SYSTEM32\wintypes.dll
0x00007ff944f90000 - 0x00007ff944fd3000 	C:\WINDOWS\SYSTEM32\icm32.dll
0x0000000070a40000 - 0x0000000070adc000 	D:\Moi\Documents\GitHub\LauncherFX\data\versions\1.7.10\natives\avutil-ttv-51.dll
0x0000000065980000 - 0x00000000659d6000 	D:\Moi\Documents\GitHub\LauncherFX\data\versions\1.7.10\natives\swresample-ttv-0.dll
0x000000006eb80000 - 0x000000006ec50000 	D:\Moi\Documents\GitHub\LauncherFX\data\versions\1.7.10\natives\libmp3lame-ttv.dll
0x00007ff902070000 - 0x00007ff903414000 	D:\Moi\Documents\GitHub\LauncherFX\data\versions\1.7.10\natives\libmfxsw64.dll
0x00007ff926820000 - 0x00007ff92694b000 	D:\Moi\Documents\GitHub\LauncherFX\data\versions\1.7.10\natives\twitchsdk.dll
0x00007ff945b30000 - 0x00007ff946009000 	C:\WINDOWS\SYSTEM32\WININET.dll
0x0000020eaea60000 - 0x0000020eaeac4000 	D:\Moi\Documents\GitHub\LauncherFX\data\versions\1.7.10\natives\OpenAL64.dll
0x00007ff94eb00000 - 0x00007ff94eb85000 	C:\WINDOWS\System32\MMDevApi.dll
0x00007ff927960000 - 0x00007ff9279fc000 	C:\WINDOWS\SYSTEM32\dsound.dll
0x00007ff9460b0000 - 0x00007ff9460d6000 	C:\WINDOWS\SYSTEM32\winmmbase.dll
0x00007ff955210000 - 0x00007ff95525b000 	C:\WINDOWS\SYSTEM32\powrprof.dll
0x00007ff9551a0000 - 0x00007ff9551b2000 	C:\WINDOWS\SYSTEM32\UMPDC.dll
0x00007ff943fc0000 - 0x00007ff944142000 	C:\WINDOWS\SYSTEM32\AUDIOSES.DLL
0x00007ff94f790000 - 0x00007ff94f974000 	C:\WINDOWS\SYSTEM32\dbghelp.dll

VM Arguments:
jvm_args: -Xmx2G -XX:+UnlockExperimentalVMOptions -XX:+UseG1GC -XX:G1NewSizePercent=20 -XX:G1ReservePercent=20 -XX:MaxGCPauseMillis=50 -XX:G1HeapRegionSize=32M -Djava.library.path=D:\Moi\Documents\GitHub\LauncherFX/data/versions/1.7.10/natives/ 
java_command: net.minecraft.client.main.Main --username Pseudo --version 1.7.10 --gameDir D:\Moi\Documents\GitHub\LauncherFX/data/ --assetsDir D:\Moi\Documents\GitHub\LauncherFX/data/assets/ --assetIndex 1.7.10 --uuid f7813172-9d30-3b94-8b72-282fed6c7fc7 --accessToken accessToken --userProperties {} --userType legacy --versionType release --width 1366 --height 768
java_class_path (initial): D:\Moi\Documents\GitHub\LauncherFX/data/libraries/com/mojang/netty/1.8.8/netty-1.8.8.jar;D:\Moi\Documents\GitHub\LauncherFX/data/libraries/com/mojang/realms/1.3.5/realms-1.3.5.jar;D:\Moi\Documents\GitHub\LauncherFX/data/libraries/org/apache/commons/commons-compress/1.8.1/commons-compress-1.8.1.jar;D:\Moi\Documents\GitHub\LauncherFX/data/libraries/org/apache/httpcomponents/httpclient/4.3.3/httpclient-4.3.3.jar;D:\Moi\Documents\GitHub\LauncherFX/data/libraries/commons-logging/commons-logging/1.1.3/commons-logging-1.1.3.jar;D:\Moi\Documents\GitHub\LauncherFX/data/libraries/org/apache/httpcomponents/httpcore/4.3.2/httpcore-4.3.2.jar;D:\Moi\Documents\GitHub\LauncherFX/data/libraries/java3d/vecmath/1.3.1/vecmath-1.3.1.jar;D:\Moi\Documents\GitHub\LauncherFX/data/libraries/net/sf/trove4j/trove4j/3.0.3/trove4j-3.0.3.jar;D:\Moi\Documents\GitHub\LauncherFX/data/libraries/com/ibm/icu/icu4j-core-mojang/51.2/icu4j-core-mojang-51.2.jar;D:\Moi\Documents\GitHub\LauncherFX/data/libraries/net/sf/jopt-simple/jopt-simple/4.5/jopt-simple-4.5.jar;D:\Moi\Documents\GitHub\LauncherFX/data/libraries/com/paulscode/codecjorbis/20101023/codecjorbis-20101023.jar;D:\Moi\Documents\GitHub\LauncherFX/data/libraries/com/paulscode/codecwav/20101023/codecwav-20101023.jar;D:\Moi\Documents\GitHub\LauncherFX/data/libraries/com/paulscode/libraryjavasound/20101123/libraryjavasound-20101123.jar;D:\Moi\Documents\GitHub\LauncherFX/data/libraries/com/paulscode/librarylwjglopenal/20100824/librarylwjglopenal-20100824.jar;D:\Moi\Documents\GitHub\LauncherFX/data/libraries/com/paulscode/soundsystem/20120107/soundsystem-20120107.jar;D:\Moi\Documents\GitHub\LauncherFX/data/libraries/io/netty/netty-all/4.0.10.Final/netty-all-4.0.10.Final.jar;D:\Moi\Documents\GitHub\LauncherFX/data/libraries/com/google/guava/guava/15.0/guava-15.0.jar;D:\Moi\Documents\GitHub\LauncherFX/data/libraries/org/apache/commons/commons-lang3/3.1/commons-lang3-3.1.jar;D:\Moi\Documents\GitHub\LauncherFX/data/libraries/co
Launcher Type: SUN_STANDARD

Environment Variables:
PATH=C:/Program Files/Eclipse//plugins/org.eclipse.justj.openjdk.hotspot.jre.full.win32.x86_64_17.0.4.v20220903-1038/jre/bin/server;C:/Program Files/Eclipse//plugins/org.eclipse.justj.openjdk.hotspot.jre.full.win32.x86_64_17.0.4.v20220903-1038/jre/bin;C:\Program Files\Python310\Scripts\;C:\Program Files\Python310\;C:\Program Files (x86)\NVIDIA Corporation\PhysX\Common;C:\Program Files\Microsoft VS Code\bin;C:\WINDOWS\system32;C:\WINDOWS;C:\WINDOWS\System32\Wbem;C:\WINDOWS\System32\WindowsPowerShell\v1.0\;C:\WINDOWS\System32\OpenSSH\;C:\Program Files\Java\Oracle\JRE 1.8\bin;C:\Program Files\Java\Eclipse Temurin\JDK 1.8\bin;C:\Program Files\Java\Eclipse Temurin\JDK 11\bin;C:\Program Files\Java\Eclipse Temurin\JDK 17\bin;D:\Steam CMD;C:\Program Files\WinRAR;C:\Program Files\dotnet\;C:\Program Files\Maven\bin;C:\Program Files\mingw64\bin\;C:\Users\Moi\AppData\Local\Microsoft\WindowsApps;C:\Users\Moi\AppData\Local\GitHubDesktop\bin;C:\Program Files\Eclipse;
USERNAME=Moi
OS=Windows_NT
PROCESSOR_IDENTIFIER=AMD64 Family 23 Model 8 Stepping 2, AuthenticAMD



---------------  S Y S T E M  ---------------

OS: Windows 10 , 64 bit Build 19041 (10.0.19041.1889)

CPU:total 12 (initial active 12) (12 cores per cpu, 1 threads per core) family 23 model 8 stepping 2, cmov, cx8, fxsr, mmx, sse, sse2, sse3, ssse3, sse4.1, sse4.2, popcnt, avx, avx2, aes, clmul, mmxext, 3dnowpref, lzcnt, sse4a, tsc, tscinvbit, tscinv, bmi1

Memory: 4k page, physical 16727112k(10571812k free), swap 25640008k(13916960k free)

vm_info: Java HotSpot(TM) 64-Bit Server VM (25.331-b09) for windows-amd64 JRE (1.8.0_331-b09), built on Mar 10 2022 03:14:38 by "java_re" with MS VC++ 15.9 (VS2017)

time: Wed Nov  9 23:26:10 2022
timezone: Paris, Madrid
elapsed time: 2.189192 seconds (0d 0h 0m 2s)

